<?xml version="1.0" encoding="UTF-8"?>
<testsuite name="edu.coursera.distributed.SparkTest" time="714.147" tests="6" errors="0" skipped="0" failures="1">
  <properties>
[...]
</properties>
  <testcase name="testUniformTwentyThousand" classname="edu.coursera.distributed.SparkTest" time="81.286">
    <failure message="Expected at least 1.35x speedup, but only saw 1.2111719354561348x. Sequential time = 42259 ms, parallel time = 34891 ms" type="junit.framework.AssertionFailedError">junit.framework.AssertionFailedError: Expected at least 1.35x speedup, but only saw 1.2111719354561348x. Sequential time = 42259 ms, parallel time = 34891 ms
	at junit.framework.Assert.fail(Assert.java:47)
	at junit.framework.Assert.assertTrue(Assert.java:20)
	at edu.coursera.distributed.SparkTest.testDriver(SparkTest.java:229)
	at edu.coursera.distributed.SparkTest.testUniformTwentyThousand(SparkTest.java:239)
</failure>
    <system-err><![CDATA[Running the PageRank algorithm for 5 iterations on a website graph of 20000 websites

Using Spark's default log4j profile: org/apache/spark/log4j-defaults.properties
18/11/17 23:14:28 INFO Remoting: Starting remoting
18/11/17 23:14:28 INFO Remoting: Remoting started; listening on addresses :[akka.tcp://sparkDriverActorSystem@10.4.3.67:43553]

Single-core execution ran in 42259 ms
4-core execution ran in 34891 ms, yielding a speedup of 1.2111719354561348x

]]></system-err>
  </testcase>
  <testcase name="testUniformFiftyThousand" classname="edu.coursera.distributed.SparkTest" time="201.951"/>
  <testcase name="testIncreasingTwentyThousand" classname="edu.coursera.distributed.SparkTest" time="62.847"/>
  <testcase name="testIncreasingFiftyThousand" classname="edu.coursera.distributed.SparkTest" time="149.982"/>
  <testcase name="testRandomTwentyThousand" classname="edu.coursera.distributed.SparkTest" time="67.262"/>
  <testcase name="testRandomFiftyThousand" classname="edu.coursera.distributed.SparkTest" time="150.819"/>
</testsuite>